2022-12-09 13:53:59.415  INFO 3876 --- [restartedMain] c.rk.ContactBook.ContactBookApplication  : Starting ContactBookApplication using Java 17.0.5 on windows with PID 3876 (H:\Projects\ContactBook\target\classes started by rollex in H:\Projects\ContactBook)
2022-12-09 13:53:59.417  INFO 3876 --- [restartedMain] c.rk.ContactBook.ContactBookApplication  : No active profile set, falling back to 1 default profile: "default"
2022-12-09 13:53:59.540  INFO 3876 --- [restartedMain] .e.DevToolsPropertyDefaultsPostProcessor : Devtools property defaults active! Set 'spring.devtools.add-properties' to 'false' to disable
2022-12-09 13:53:59.541  INFO 3876 --- [restartedMain] .e.DevToolsPropertyDefaultsPostProcessor : For additional web related logging consider setting the 'logging.level.web' property to 'DEBUG'
2022-12-09 13:54:00.741  INFO 3876 --- [restartedMain] .s.d.r.c.RepositoryConfigurationDelegate : Bootstrapping Spring Data JPA repositories in DEFAULT mode.
2022-12-09 13:54:00.811  INFO 3876 --- [restartedMain] .s.d.r.c.RepositoryConfigurationDelegate : Finished Spring Data repository scanning in 54 ms. Found 1 JPA repository interfaces.
2022-12-09 13:54:01.863  INFO 3876 --- [restartedMain] o.s.b.w.embedded.tomcat.TomcatWebServer  : Tomcat initialized with port(s): 8080 (http)
2022-12-09 13:54:01.902  INFO 3876 --- [restartedMain] o.apache.catalina.core.StandardService   : Starting service [Tomcat]
2022-12-09 13:54:01.902  INFO 3876 --- [restartedMain] org.apache.catalina.core.StandardEngine  : Starting Servlet engine: [Apache Tomcat/9.0.69]
2022-12-09 13:54:02.337  INFO 3876 --- [restartedMain] org.apache.jasper.servlet.TldScanner     : At least one JAR was scanned for TLDs yet contained no TLDs. Enable debug logging for this logger for a complete list of JARs that were scanned but no TLDs were found in them. Skipping unneeded JARs during scanning can improve startup time and JSP compilation time.
2022-12-09 13:54:02.356  INFO 3876 --- [restartedMain] o.a.c.c.C.[Tomcat].[localhost].[/]       : Initializing Spring embedded WebApplicationContext
2022-12-09 13:54:02.356  INFO 3876 --- [restartedMain] w.s.c.ServletWebServerApplicationContext : Root WebApplicationContext: initialization completed in 2814 ms
2022-12-09 13:54:02.625  INFO 3876 --- [restartedMain] o.hibernate.jpa.internal.util.LogHelper  : HHH000204: Processing PersistenceUnitInfo [name: default]
2022-12-09 13:54:02.696  INFO 3876 --- [restartedMain] org.hibernate.Version                    : HHH000412: Hibernate ORM core version 5.6.14.Final
2022-12-09 13:54:02.920  INFO 3876 --- [restartedMain] o.hibernate.annotations.common.Version   : HCANN000001: Hibernate Commons Annotations {5.1.2.Final}
2022-12-09 13:54:03.059  INFO 3876 --- [restartedMain] com.zaxxer.hikari.HikariDataSource       : HikariPool-1 - Starting...
2022-12-09 13:54:03.483  INFO 3876 --- [restartedMain] com.zaxxer.hikari.HikariDataSource       : HikariPool-1 - Start completed.
2022-12-09 13:54:03.507  INFO 3876 --- [restartedMain] org.hibernate.dialect.Dialect            : HHH000400: Using dialect: org.hibernate.dialect.MySQL5Dialect
2022-12-09 13:54:04.340  INFO 3876 --- [restartedMain] o.h.e.t.j.p.i.JtaPlatformInitiator       : HHH000490: Using JtaPlatform implementation: [org.hibernate.engine.transaction.jta.platform.internal.NoJtaPlatform]
2022-12-09 13:54:04.353  INFO 3876 --- [restartedMain] j.LocalContainerEntityManagerFactoryBean : Initialized JPA EntityManagerFactory for persistence unit 'default'
2022-12-09 13:54:04.735  WARN 3876 --- [restartedMain] JpaBaseConfiguration$JpaWebConfiguration : spring.jpa.open-in-view is enabled by default. Therefore, database queries may be performed during view rendering. Explicitly configure spring.jpa.open-in-view to disable this warning
2022-12-09 13:54:05.142  INFO 3876 --- [restartedMain] o.s.b.d.a.OptionalLiveReloadServer       : LiveReload server is running on port 35729
2022-12-09 13:54:05.206  INFO 3876 --- [restartedMain] o.s.b.w.embedded.tomcat.TomcatWebServer  : Tomcat started on port(s): 8080 (http) with context path ''
2022-12-09 13:54:05.222  INFO 3876 --- [restartedMain] c.rk.ContactBook.ContactBookApplication  : Started ContactBookApplication in 6.58 seconds (JVM running for 7.444)
2022-12-09 13:54:25.657  INFO 3876 --- [http-nio-8080-exec-1] o.a.c.c.C.[Tomcat].[localhost].[/]       : Initializing Spring DispatcherServlet 'dispatcherServlet'
2022-12-09 13:54:25.658  INFO 3876 --- [http-nio-8080-exec-1] o.s.web.servlet.DispatcherServlet        : Initializing Servlet 'dispatcherServlet'
2022-12-09 13:54:25.660  INFO 3876 --- [http-nio-8080-exec-1] o.s.web.servlet.DispatcherServlet        : Completed initialization in 2 ms
2022-12-09 13:54:26.150  INFO 3876 --- [http-nio-8080-exec-1] c.r.C.Controller.ContactController       : all Contact list display
2022-12-09 13:54:38.766  INFO 3876 --- [http-nio-8080-exec-5] c.r.C.Controller.ContactController       : request for soft delete
2022-12-09 13:54:38.852  INFO 3876 --- [http-nio-8080-exec-5] c.r.C.Controller.ContactController       : Soft delete success
2022-12-09 13:54:38.868  INFO 3876 --- [http-nio-8080-exec-6] c.r.C.Controller.ContactController       : all Contact list display
2022-12-09 13:55:43.660  INFO 3876 --- [RMI TCP Connection(5)-127.0.0.1] inMXBeanRegistrar$SpringApplicationAdmin : Application shutdown requested.
2022-12-09 13:55:43.670  INFO 3876 --- [RMI TCP Connection(5)-127.0.0.1] o.apache.catalina.core.StandardService   : Stopping service [Tomcat]
2022-12-09 13:55:43.672  INFO 3876 --- [RMI TCP Connection(5)-127.0.0.1] o.a.c.c.C.[Tomcat].[localhost].[/]       : Destroying Spring FrameworkServlet 'dispatcherServlet'
2022-12-09 13:55:43.687  INFO 3876 --- [RMI TCP Connection(5)-127.0.0.1] j.LocalContainerEntityManagerFactoryBean : Closing JPA EntityManagerFactory for persistence unit 'default'
2022-12-09 13:55:43.692  INFO 3876 --- [RMI TCP Connection(5)-127.0.0.1] com.zaxxer.hikari.HikariDataSource       : HikariPool-1 - Shutdown initiated...
2022-12-09 13:55:43.705  INFO 3876 --- [RMI TCP Connection(5)-127.0.0.1] com.zaxxer.hikari.HikariDataSource       : HikariPool-1 - Shutdown completed.
